# JRE version: Java(TM) SE Runtime Environment (8.0_77-b03) (build 1.8.0_77-b03)
# Java VM: Java HotSpot(TM) 64-Bit Server VM (25.77-b03 mixed mode windows-amd64 compressed oops)
Heap:
 PSYoungGen      total 333312K, used 97841K [0x000000076ab00000, 0x0000000786800000, 0x00000007c0000000)
  eden space 261120K, 9% used [0x000000076ab00000,0x000000076c4117a8,0x000000077aa00000)
  from space 72192K, 99% used [0x0000000780080000,0x00000007846faf00,0x0000000784700000)
  to   space 88576K, 0% used [0x000000077aa00000,0x000000077aa00000,0x0000000780080000)
 ParOldGen       total 141312K, used 100177K [0x00000006c0000000, 0x00000006c8a00000, 0x000000076ab00000)
  object space 141312K, 70% used [0x00000006c0000000,0x00000006c61d4400,0x00000006c8a00000)
 Metaspace       used 6243K, capacity 7218K, committed 7296K, reserved 1056768K
  class space    used 604K, capacity 618K, committed 640K, reserved 1048576K
GC Heap History (10 events):
Event: 1.563 GC heap before
{Heap before GC invocations=5 (full 1):
 PSYoungGen      total 138240K, used 5108K [0x000000076ab00000, 0x0000000773700000, 0x00000007c0000000)
  eden space 133120K, 0% used [0x000000076ab00000,0x000000076ab00000,0x0000000772d00000)
  from space 5120K, 99% used [0x0000000773200000,0x00000007736fd3c0,0x0000000773700000)
  to   space 5120K, 0% used [0x0000000772d00000,0x0000000772d00000,0x0000000773200000)
 ParOldGen       total 87552K, used 56030K [0x00000006c0000000, 0x00000006c5580000, 0x000000076ab00000)
  object space 87552K, 63% used [0x00000006c0000000,0x00000006c36b7b60,0x00000006c5580000)
 Metaspace       used 5938K, capacity 7088K, committed 7296K, reserved 1056768K
  class space    used 580K, capacity 616K, committed 640K, reserved 1048576K
Event: 1.695 GC heap after
Heap after GC invocations=5 (full 1):
 PSYoungGen      total 138240K, used 0K [0x000000076ab00000, 0x0000000773700000, 0x00000007c0000000)
  eden space 133120K, 0% used [0x000000076ab00000,0x000000076ab00000,0x0000000772d00000)
  from space 5120K, 0% used [0x0000000773200000,0x0000000773200000,0x0000000773700000)
  to   space 5120K, 0% used [0x0000000772d00000,0x0000000772d00000,0x0000000773200000)
 ParOldGen       total 141312K, used 54889K [0x00000006c0000000, 0x00000006c8a00000, 0x000000076ab00000)
  object space 141312K, 38% used [0x00000006c0000000,0x00000006c359a680,0x00000006c8a00000)
 Metaspace       used 5938K, capacity 7088K, committed 7296K, reserved 1056768K
  class space    used 580K, capacity 616K, committed 640K, reserved 1048576K
}
Event: 2.528 GC heap before
{Heap before GC invocations=6 (full 1):
 PSYoungGen      total 138240K, used 133120K [0x000000076ab00000, 0x0000000773700000, 0x00000007c0000000)
  eden space 133120K, 100% used [0x000000076ab00000,0x0000000772d00000,0x0000000772d00000)
  from space 5120K, 0% used [0x0000000773200000,0x0000000773200000,0x0000000773700000)
  to   space 5120K, 0% used [0x0000000772d00000,0x0000000772d00000,0x0000000773200000)
 ParOldGen       total 141312K, used 54889K [0x00000006c0000000, 0x00000006c8a00000, 0x000000076ab00000)
  object space 141312K, 38% used [0x00000006c0000000,0x00000006c359a680,0x00000006c8a00000)
 Metaspace       used 6019K, capacity 7152K, committed 7296K, reserved 1056768K
  class space    used 584K, capacity 616K, committed 640K, reserved 1048576K
Event: 2.563 GC heap after
Heap after GC invocations=6 (full 1):
 PSYoungGen      total 138240K, used 5093K [0x000000076ab00000, 0x000000077be00000, 0x00000007c0000000)
  eden space 133120K, 0% used [0x000000076ab00000,0x000000076ab00000,0x0000000772d00000)
  from space 5120K, 99% used [0x0000000772d00000,0x00000007731f9708,0x0000000773200000)
  to   space 45568K, 0% used [0x0000000779180000,0x0000000779180000,0x000000077be00000)
 ParOldGen       total 141312K, used 82597K [0x00000006c0000000, 0x00000006c8a00000, 0x000000076ab00000)
  object space 141312K, 58% used [0x00000006c0000000,0x00000006c50a9778,0x00000006c8a00000)
 Metaspace       used 6019K, capacity 7152K, committed 7296K, reserved 1056768K
  class space    used 584K, capacity 616K, committed 640K, reserved 1048576K
}
Event: 2.885 GC heap before
{Heap before GC invocations=7 (full 1):
 PSYoungGen      total 138240K, used 138213K [0x000000076ab00000, 0x000000077be00000, 0x00000007c0000000)
  eden space 133120K, 100% used [0x000000076ab00000,0x0000000772d00000,0x0000000772d00000)
  from space 5120K, 99% used [0x0000000772d00000,0x00000007731f9708,0x0000000773200000)
  to   space 45568K, 0% used [0x0000000779180000,0x0000000779180000,0x000000077be00000)
 ParOldGen       total 141312K, used 82597K [0x00000006c0000000, 0x00000006c8a00000, 0x000000076ab00000)
  object space 141312K, 58% used [0x00000006c0000000,0x00000006c50a9778,0x00000006c8a00000)
 Metaspace       used 6045K, capacity 7152K, committed 7296K, reserved 1056768K
  class space    used 584K, capacity 616K, committed 640K, reserved 1048576K
Event: 2.931 GC heap after
Heap after GC invocations=7 (full 1):
 PSYoungGen      total 222720K, used 45548K [0x000000076ab00000, 0x000000077e080000, 0x00000007c0000000)
  eden space 177152K, 0% used [0x000000076ab00000,0x000000076ab00000,0x0000000775800000)
  from space 45568K, 99% used [0x0000000779180000,0x000000077bdfb2a0,0x000000077be00000)
  to   space 58880K, 0% used [0x0000000775800000,0x0000000775800000,0x0000000779180000)
 ParOldGen       total 141312K, used 88707K [0x00000006c0000000, 0x00000006c8a00000, 0x000000076ab00000)
  object space 141312K, 62% used [0x00000006c0000000,0x00000006c56a0f80,0x00000006c8a00000)
 Metaspace       used 6045K, capacity 7152K, committed 7296K, reserved 1056768K
  class space    used 584K, capacity 616K, committed 640K, reserved 1048576K
}
Event: 3.373 GC heap before
{Heap before GC invocations=8 (full 1):
 PSYoungGen      total 222720K, used 222700K [0x000000076ab00000, 0x000000077e080000, 0x00000007c0000000)
  eden space 177152K, 100% used [0x000000076ab00000,0x0000000775800000,0x0000000775800000)
  from space 45568K, 99% used [0x0000000779180000,0x000000077bdfb2a0,0x000000077be00000)
  to   space 58880K, 0% used [0x0000000775800000,0x0000000775800000,0x0000000779180000)
 ParOldGen       total 141312K, used 88707K [0x00000006c0000000, 0x00000006c8a00000, 0x000000076ab00000)
  object space 141312K, 62% used [0x00000006c0000000,0x00000006c56a0f80,0x00000006c8a00000)
 Metaspace       used 6171K, capacity 7154K, committed 7296K, reserved 1056768K
  class space    used 603K, capacity 618K, committed 640K, reserved 1048576K
Event: 3.471 GC heap after
Heap after GC invocations=8 (full 1):
 PSYoungGen      total 236032K, used 58854K [0x000000076ab00000, 0x0000000784700000, 0x00000007c0000000)
  eden space 177152K, 0% used [0x000000076ab00000,0x000000076ab00000,0x0000000775800000)
  from space 58880K, 99% used [0x0000000775800000,0x00000007791799f0,0x0000000779180000)
  to   space 72192K, 0% used [0x0000000780080000,0x0000000780080000,0x0000000784700000)
 ParOldGen       total 141312K, used 92782K [0x00000006c0000000, 0x00000006c8a00000, 0x000000076ab00000)
  object space 141312K, 65% used [0x00000006c0000000,0x00000006c5a9baa8,0x00000006c8a00000)
 Metaspace       used 6171K, capacity 7154K, committed 7296K, reserved 1056768K
  class space    used 603K, capacity 618K, committed 640K, reserved 1048576K
}
Event: 4.067 GC heap before
{Heap before GC invocations=9 (full 1):
 PSYoungGen      total 236032K, used 236006K [0x000000076ab00000, 0x0000000784700000, 0x00000007c0000000)
  eden space 177152K, 100% used [0x000000076ab00000,0x0000000775800000,0x0000000775800000)
  from space 58880K, 99% used [0x0000000775800000,0x00000007791799f0,0x0000000779180000)
  to   space 72192K, 0% used [0x0000000780080000,0x0000000780080000,0x0000000784700000)
 ParOldGen       total 141312K, used 92782K [0x00000006c0000000, 0x00000006c8a00000, 0x000000076ab00000)
  object space 141312K, 65% used [0x00000006c0000000,0x00000006c5a9baa8,0x00000006c8a00000)
 Metaspace       used 6242K, capacity 7218K, committed 7296K, reserved 1056768K
  class space    used 604K, capacity 618K, committed 640K, reserved 1048576K
Event: 4.141 GC heap after
Heap after GC invocations=9 (full 1):
 PSYoungGen      total 333312K, used 72171K [0x000000076ab00000, 0x0000000786800000, 0x00000007c0000000)
  eden space 261120K, 0% used [0x000000076ab00000,0x000000076ab00000,0x000000077aa00000)
  from space 72192K, 99% used [0x0000000780080000,0x00000007846faf00,0x0000000784700000)
  to   space 88576K, 0% used [0x000000077aa00000,0x000000077aa00000,0x0000000780080000)
 ParOldGen       total 141312K, used 100177K [0x00000006c0000000, 0x00000006c8a00000, 0x000000076ab00000)
  object space 141312K, 70% used [0x00000006c0000000,0x00000006c61d4400,0x00000006c8a00000)
 Metaspace       used 6242K, capacity 7218K, committed 7296K, reserved 1056768K
  class space    used 604K, capacity 618K, committed 640K, reserved 1048576K
}

